  Sample.cpp
c:\users\wmueller\desktop\python\pysample\cppsample\sample.h(41): error C2039: 'vector': is not a member of 'std'
  c:\program files (x86)\microsoft visual studio\2017\community\vc\tools\msvc\14.16.27023\include\iostream(14): note: see declaration of 'std'
c:\users\wmueller\desktop\python\pysample\cppsample\sample.h(41): error C2143: syntax error: missing ';' before '<'
c:\users\wmueller\desktop\python\pysample\cppsample\sample.h(41): error C4430: missing type specifier - int assumed. Note: C++ does not support default-int
c:\users\wmueller\desktop\python\pysample\cppsample\sample.h(41): error C2238: unexpected token(s) preceding ';'
c:\users\wmueller\desktop\python\pysample\cppsample\sample.h(57): error C2039: 'vector': is not a member of 'std'
  c:\program files (x86)\microsoft visual studio\2017\community\vc\tools\msvc\14.16.27023\include\iostream(14): note: see declaration of 'std'
c:\users\wmueller\desktop\python\pysample\cppsample\sample.h(57): error C2065: 'vector': undeclared identifier
c:\users\wmueller\desktop\python\pysample\cppsample\sample.h(57): error C2275: 'Sample::Gpa': illegal use of this type as an expression
c:\users\wmueller\desktop\python\pysample\cppsample\sample.h(57): error C2974: 'std::unique_ptr': invalid template argument for '_Ty', type expected
  c:\program files (x86)\microsoft visual studio\2017\community\vc\tools\msvc\14.16.27023\include\memory(2178): note: see declaration of 'std::unique_ptr'
c:\users\wmueller\desktop\python\pysample\cppsample\sample.h(57): error C2903: 'default_delete': symbol is neither a class template nor a function template
c:\users\wmueller\desktop\python\pysample\cppsample\sample.h(57): error C3203: 'default_delete': unspecialized class template can't be used as a template argument for template parameter '_Dx', expected a real type
c:\users\wmueller\desktop\python\pysample\cppsample\sample.h(57): error C2059: syntax error: '>'
c:\users\wmueller\desktop\python\pysample\cppsample\sample.h(57): error C2238: unexpected token(s) preceding ';'
c:\users\wmueller\desktop\python\pysample\cppsample\sample.h(58): error C2039: 'vector': is not a member of 'std'
  c:\program files (x86)\microsoft visual studio\2017\community\vc\tools\msvc\14.16.27023\include\iostream(14): note: see declaration of 'std'
c:\users\wmueller\desktop\python\pysample\cppsample\sample.h(58): error C2143: syntax error: missing ';' before '<'
c:\users\wmueller\desktop\python\pysample\cppsample\sample.h(58): error C4430: missing type specifier - int assumed. Note: C++ does not support default-int
c:\users\wmueller\desktop\python\pysample\cppsample\sample.h(58): error C2334: unexpected token(s) preceding '{'; skipping apparent function body
c:\users\wmueller\desktop\python\pysample\cppsample\sample.h(81): error C2039: 'vector': is not a member of 'std'
  c:\program files (x86)\microsoft visual studio\2017\community\vc\tools\msvc\14.16.27023\include\iostream(14): note: see declaration of 'std'
c:\users\wmueller\desktop\python\pysample\cppsample\sample.h(81): error C2143: syntax error: missing ';' before '<'
c:\users\wmueller\desktop\python\pysample\cppsample\sample.h(81): error C4430: missing type specifier - int assumed. Note: C++ does not support default-int
c:\users\wmueller\desktop\python\pysample\cppsample\sample.h(81): error C2334: unexpected token(s) preceding '{'; skipping apparent function body
c:\users\wmueller\desktop\python\pysample\cppsample\sample.cpp(36): error C2065: 'gpa': undeclared identifier
c:\users\wmueller\desktop\python\pysample\cppsample\sample.cpp(36): error C2039: 'vector': is not a member of 'std'
  c:\program files (x86)\microsoft visual studio\2017\community\vc\tools\msvc\14.16.27023\include\iostream(14): note: see declaration of 'std'
c:\users\wmueller\desktop\python\pysample\cppsample\sample.cpp(36): error C2065: 'vector': undeclared identifier
c:\users\wmueller\desktop\python\pysample\cppsample\sample.cpp(36): error C2275: 'Sample::Gpa': illegal use of this type as an expression
c:\users\wmueller\desktop\python\pysample\cppsample\sample.cpp(36): error C2065: 'gpa_2145_09': undeclared identifier
c:\users\wmueller\desktop\python\pysample\cppsample\sample.cpp(36): error C2563: mismatch in formal parameter list
c:\users\wmueller\desktop\python\pysample\cppsample\sample.cpp(55): error C2065: 'gpa': undeclared identifier
c:\users\wmueller\desktop\python\pysample\cppsample\sample.cpp(56): error C2065: 'gpa': undeclared identifier
c:\users\wmueller\desktop\python\pysample\cppsample\sample.cpp(57): error C2065: 'gpa': undeclared identifier
c:\users\wmueller\desktop\python\pysample\cppsample\sample.cpp(58): error C2065: 'gpa': undeclared identifier
c:\users\wmueller\desktop\python\pysample\cppsample\sample.cpp(59): error C2065: 'gpa': undeclared identifier
c:\users\wmueller\desktop\python\pysample\cppsample\sample.cpp(60): error C2065: 'gpa': undeclared identifier
c:\users\wmueller\desktop\python\pysample\cppsample\sample.cpp(61): error C2065: 'gpa': undeclared identifier
c:\users\wmueller\desktop\python\pysample\cppsample\sample.cpp(62): error C2065: 'gpa': undeclared identifier
c:\users\wmueller\desktop\python\pysample\cppsample\sample.cpp(63): error C2065: 'gpa': undeclared identifier
c:\users\wmueller\desktop\python\pysample\cppsample\sample.cpp(64): error C2065: 'gpa': undeclared identifier
c:\users\wmueller\desktop\python\pysample\cppsample\sample.cpp(65): error C2065: 'gpa': undeclared identifier
c:\users\wmueller\desktop\python\pysample\cppsample\sample.cpp(66): error C2065: 'gpa': undeclared identifier
c:\users\wmueller\desktop\python\pysample\cppsample\sample.cpp(67): error C2065: 'gpa': undeclared identifier
c:\users\wmueller\desktop\python\pysample\cppsample\sample.cpp(68): error C2065: 'gpa': undeclared identifier
c:\users\wmueller\desktop\python\pysample\cppsample\sample.cpp(69): error C2065: 'gpa': undeclared identifier
c:\users\wmueller\desktop\python\pysample\cppsample\sample.cpp(70): error C2065: 'gpa': undeclared identifier
c:\users\wmueller\desktop\python\pysample\cppsample\sample.cpp(71): error C2065: 'gpa': undeclared identifier
c:\users\wmueller\desktop\python\pysample\cppsample\sample.cpp(72): error C2065: 'gpa': undeclared identifier
c:\users\wmueller\desktop\python\pysample\cppsample\sample.cpp(73): error C2065: 'gpa': undeclared identifier
c:\users\wmueller\desktop\python\pysample\cppsample\sample.cpp(74): error C2065: 'gpa': undeclared identifier
c:\users\wmueller\desktop\python\pysample\cppsample\sample.cpp(75): error C2065: 'gpa': undeclared identifier
c:\users\wmueller\desktop\python\pysample\cppsample\sample.cpp(82): error C2065: 'gpa': undeclared identifier
c:\users\wmueller\desktop\python\pysample\cppsample\sample.cpp(83): error C2065: 'gpa': undeclared identifier
c:\users\wmueller\desktop\python\pysample\cppsample\sample.cpp(84): error C2065: 'gpa': undeclared identifier
c:\users\wmueller\desktop\python\pysample\cppsample\sample.cpp(85): error C2065: 'gpa': undeclared identifier
c:\users\wmueller\desktop\python\pysample\cppsample\sample.cpp(86): error C2065: 'gpa': undeclared identifier
c:\users\wmueller\desktop\python\pysample\cppsample\sample.cpp(87): error C2065: 'gpa': undeclared identifier
c:\users\wmueller\desktop\python\pysample\cppsample\sample.cpp(88): error C2065: 'gpa': undeclared identifier
c:\users\wmueller\desktop\python\pysample\cppsample\sample.cpp(89): error C2065: 'gpa': undeclared identifier
c:\users\wmueller\desktop\python\pysample\cppsample\sample.cpp(90): error C2065: 'gpa': undeclared identifier
c:\users\wmueller\desktop\python\pysample\cppsample\sample.cpp(91): error C2065: 'gpa': undeclared identifier
c:\users\wmueller\desktop\python\pysample\cppsample\sample.cpp(92): error C2065: 'gpa': undeclared identifier
c:\users\wmueller\desktop\python\pysample\cppsample\sample.cpp(93): error C2065: 'gpa': undeclared identifier
c:\users\wmueller\desktop\python\pysample\cppsample\sample.cpp(94): error C2065: 'gpa': undeclared identifier
c:\users\wmueller\desktop\python\pysample\cppsample\sample.cpp(95): error C2065: 'gpa': undeclared identifier
c:\users\wmueller\desktop\python\pysample\cppsample\sample.cpp(96): error C2065: 'gpa': undeclared identifier
c:\users\wmueller\desktop\python\pysample\cppsample\sample.cpp(97): error C2065: 'gpa': undeclared identifier
c:\users\wmueller\desktop\python\pysample\cppsample\sample.cpp(98): error C2065: 'gpa': undeclared identifier
c:\users\wmueller\desktop\python\pysample\cppsample\sample.cpp(99): error C2065: 'gpa': undeclared identifier
c:\users\wmueller\desktop\python\pysample\cppsample\sample.cpp(100): error C2065: 'gpa': undeclared identifier
c:\users\wmueller\desktop\python\pysample\cppsample\sample.cpp(101): error C2065: 'gpa': undeclared identifier
c:\users\wmueller\desktop\python\pysample\cppsample\sample.cpp(102): error C2065: 'gpa': undeclared identifier
c:\users\wmueller\desktop\python\pysample\cppsample\sample.cpp(109): error C2065: 'gpa': undeclared identifier
c:\users\wmueller\desktop\python\pysample\cppsample\sample.cpp(110): error C2065: 'gpa': undeclared identifier
c:\users\wmueller\desktop\python\pysample\cppsample\sample.cpp(111): error C2065: 'gpa': undeclared identifier
c:\users\wmueller\desktop\python\pysample\cppsample\sample.cpp(112): error C2065: 'gpa': undeclared identifier
c:\users\wmueller\desktop\python\pysample\cppsample\sample.cpp(113): error C2065: 'gpa': undeclared identifier
c:\users\wmueller\desktop\python\pysample\cppsample\sample.cpp(114): error C2065: 'gpa': undeclared identifier
c:\users\wmueller\desktop\python\pysample\cppsample\sample.cpp(115): error C2065: 'gpa': undeclared identifier
c:\users\wmueller\desktop\python\pysample\cppsample\sample.cpp(116): error C2065: 'gpa': undeclared identifier
c:\users\wmueller\desktop\python\pysample\cppsample\sample.cpp(117): error C2065: 'gpa': undeclared identifier
c:\users\wmueller\desktop\python\pysample\cppsample\sample.cpp(118): error C2065: 'gpa': undeclared identifier
c:\users\wmueller\desktop\python\pysample\cppsample\sample.cpp(119): error C2065: 'gpa': undeclared identifier
c:\users\wmueller\desktop\python\pysample\cppsample\sample.cpp(120): error C2065: 'gpa': undeclared identifier
c:\users\wmueller\desktop\python\pysample\cppsample\sample.cpp(121): error C2065: 'gpa': undeclared identifier
c:\users\wmueller\desktop\python\pysample\cppsample\sample.cpp(122): error C2065: 'gpa': undeclared identifier
c:\users\wmueller\desktop\python\pysample\cppsample\sample.cpp(123): error C2065: 'gpa': undeclared identifier
c:\users\wmueller\desktop\python\pysample\cppsample\sample.cpp(124): error C2065: 'gpa': undeclared identifier
c:\users\wmueller\desktop\python\pysample\cppsample\sample.cpp(125): error C2065: 'gpa': undeclared identifier
c:\users\wmueller\desktop\python\pysample\cppsample\sample.cpp(126): error C2065: 'gpa': undeclared identifier
c:\users\wmueller\desktop\python\pysample\cppsample\sample.cpp(127): error C2065: 'gpa': undeclared identifier
c:\users\wmueller\desktop\python\pysample\cppsample\sample.cpp(128): error C2065: 'gpa': undeclared identifier
c:\users\wmueller\desktop\python\pysample\cppsample\sample.cpp(129): error C2065: 'gpa': undeclared identifier
c:\users\wmueller\desktop\python\pysample\cppsample\sample.cpp(138): error C2065: 'gpa': undeclared identifier
c:\users\wmueller\desktop\python\pysample\cppsample\sample.cpp(138): error C2672: 'isnan': no matching overloaded function found
c:\users\wmueller\desktop\python\pysample\cppsample\sample.cpp(139): error C2065: 'gpa': undeclared identifier
c:\users\wmueller\desktop\python\pysample\cppsample\sample.cpp(139): error C2672: 'isnan': no matching overloaded function found
c:\users\wmueller\desktop\python\pysample\cppsample\sample.cpp(140): error C2065: 'gpa': undeclared identifier
c:\users\wmueller\desktop\python\pysample\cppsample\sample.cpp(140): error C2672: 'isnan': no matching overloaded function found
c:\users\wmueller\desktop\python\pysample\cppsample\sample.cpp(141): error C2065: 'gpa': undeclared identifier
c:\users\wmueller\desktop\python\pysample\cppsample\sample.cpp(141): error C2672: 'isnan': no matching overloaded function found
c:\users\wmueller\desktop\python\pysample\cppsample\sample.cpp(142): error C2065: 'gpa': undeclared identifier
c:\users\wmueller\desktop\python\pysample\cppsample\sample.cpp(142): error C2672: 'isnan': no matching overloaded function found
c:\users\wmueller\desktop\python\pysample\cppsample\sample.cpp(143): error C2065: 'gpa': undeclared identifier
c:\users\wmueller\desktop\python\pysample\cppsample\sample.cpp(143): error C2672: 'isnan': no matching overloaded function found
c:\users\wmueller\desktop\python\pysample\cppsample\sample.cpp(144): error C2065: 'gpa': undeclared identifier
c:\users\wmueller\desktop\python\pysample\cppsample\sample.cpp(144): error C2672: 'isnan': no matching overloaded function found
c:\users\wmueller\desktop\python\pysample\cppsample\sample.cpp(145): error C2065: 'gpa': undeclared identifier
c:\users\wmueller\desktop\python\pysample\cppsample\sample.cpp(145): fatal error C1003: error count exceeds 100; stopping compilation
  cppSample.cpp
c:\users\wmueller\desktop\python\pysample\cppsample\sample.h(41): error C2039: 'vector': is not a member of 'std'
  c:\program files (x86)\microsoft visual studio\2017\community\vc\tools\msvc\14.16.27023\include\iostream(14): note: see declaration of 'std'
c:\users\wmueller\desktop\python\pysample\cppsample\sample.h(41): error C2143: syntax error: missing ';' before '<'
c:\users\wmueller\desktop\python\pysample\cppsample\sample.h(41): error C4430: missing type specifier - int assumed. Note: C++ does not support default-int
c:\users\wmueller\desktop\python\pysample\cppsample\sample.h(41): error C2238: unexpected token(s) preceding ';'
c:\users\wmueller\desktop\python\pysample\cppsample\sample.h(57): error C2039: 'vector': is not a member of 'std'
  c:\program files (x86)\microsoft visual studio\2017\community\vc\tools\msvc\14.16.27023\include\iostream(14): note: see declaration of 'std'
c:\users\wmueller\desktop\python\pysample\cppsample\sample.h(57): error C2065: 'vector': undeclared identifier
c:\users\wmueller\desktop\python\pysample\cppsample\sample.h(57): error C2275: 'Sample::Gpa': illegal use of this type as an expression
c:\users\wmueller\desktop\python\pysample\cppsample\sample.h(57): error C2974: 'std::unique_ptr': invalid template argument for '_Ty', type expected
  c:\program files (x86)\microsoft visual studio\2017\community\vc\tools\msvc\14.16.27023\include\memory(2178): note: see declaration of 'std::unique_ptr'
c:\users\wmueller\desktop\python\pysample\cppsample\sample.h(57): error C2903: 'default_delete': symbol is neither a class template nor a function template
c:\users\wmueller\desktop\python\pysample\cppsample\sample.h(57): error C3203: 'default_delete': unspecialized class template can't be used as a template argument for template parameter '_Dx', expected a real type
c:\users\wmueller\desktop\python\pysample\cppsample\sample.h(57): error C2059: syntax error: '>'
c:\users\wmueller\desktop\python\pysample\cppsample\sample.h(57): error C2238: unexpected token(s) preceding ';'
c:\users\wmueller\desktop\python\pysample\cppsample\sample.h(58): error C2039: 'vector': is not a member of 'std'
  c:\program files (x86)\microsoft visual studio\2017\community\vc\tools\msvc\14.16.27023\include\iostream(14): note: see declaration of 'std'
c:\users\wmueller\desktop\python\pysample\cppsample\sample.h(58): error C2143: syntax error: missing ';' before '<'
c:\users\wmueller\desktop\python\pysample\cppsample\sample.h(58): error C4430: missing type specifier - int assumed. Note: C++ does not support default-int
c:\users\wmueller\desktop\python\pysample\cppsample\sample.h(58): error C2334: unexpected token(s) preceding '{'; skipping apparent function body
c:\users\wmueller\desktop\python\pysample\cppsample\sample.h(81): error C2039: 'vector': is not a member of 'std'
  c:\program files (x86)\microsoft visual studio\2017\community\vc\tools\msvc\14.16.27023\include\iostream(14): note: see declaration of 'std'
c:\users\wmueller\desktop\python\pysample\cppsample\sample.h(81): error C2143: syntax error: missing ';' before '<'
c:\users\wmueller\desktop\python\pysample\cppsample\sample.h(81): error C4430: missing type specifier - int assumed. Note: C++ does not support default-int
c:\users\wmueller\desktop\python\pysample\cppsample\sample.h(81): error C2334: unexpected token(s) preceding '{'; skipping apparent function body
  Generating Code...
